c:\users\dydrn\onedrive\문서\visual studio 2015\projects\labprojects2\labprojects2\labproject07-5\x64\debug\labproject07-5.pch
c:\users\dydrn\onedrive\문서\visual studio 2015\projects\labprojects2\labprojects2\labproject07-5\x64\debug\vc140.pdb
c:\users\dydrn\onedrive\문서\visual studio 2015\projects\labprojects2\labprojects2\labproject07-5\x64\debug\vc140.idb
c:\users\dydrn\onedrive\문서\visual studio 2015\projects\labprojects2\labprojects2\labproject07-5\x64\debug\stdafx.obj
c:\users\dydrn\onedrive\문서\visual studio 2015\projects\labprojects2\labprojects2\labproject07-5\x64\debug\camera.obj
c:\users\dydrn\onedrive\문서\visual studio 2015\projects\labprojects2\labprojects2\labproject07-5\x64\debug\gameframework.obj
c:\users\dydrn\onedrive\문서\visual studio 2015\projects\labprojects2\labprojects2\labproject07-5\x64\debug\labproject07-5.obj
c:\users\dydrn\onedrive\문서\visual studio 2015\projects\labprojects2\labprojects2\labproject07-5\x64\debug\mesh.obj
c:\users\dydrn\onedrive\문서\visual studio 2015\projects\labprojects2\labprojects2\labproject07-5\x64\debug\object.obj
c:\users\dydrn\onedrive\문서\visual studio 2015\projects\labprojects2\labprojects2\labproject07-5\x64\debug\player.obj
c:\users\dydrn\onedrive\문서\visual studio 2015\projects\labprojects2\labprojects2\labproject07-5\x64\debug\scene.obj
c:\users\dydrn\onedrive\문서\visual studio 2015\projects\labprojects2\labprojects2\labproject07-5\x64\debug\shader.obj
c:\users\dydrn\onedrive\문서\visual studio 2015\projects\labprojects2\labprojects2\labproject07-5\x64\debug\timer.obj
c:\users\dydrn\onedrive\문서\visual studio 2015\projects\labprojects2\labprojects2\x64\debug\effect.cso
c:\users\dydrn\onedrive\문서\visual studio 2015\projects\labprojects2\labprojects2\labproject07-5\x64\debug\labproject07-5.res
c:\users\dydrn\onedrive\문서\visual studio 2015\projects\labprojects2\labprojects2\x64\debug\labproject07-5.pdb
c:\users\dydrn\onedrive\문서\visual studio 2015\projects\labprojects2\labprojects2\labproject07-5\x64\debug\labproject07-5.tlog\cl.command.1.tlog
c:\users\dydrn\onedrive\문서\visual studio 2015\projects\labprojects2\labprojects2\labproject07-5\x64\debug\labproject07-5.tlog\cl.read.1.tlog
c:\users\dydrn\onedrive\문서\visual studio 2015\projects\labprojects2\labprojects2\labproject07-5\x64\debug\labproject07-5.tlog\cl.write.1.tlog
c:\users\dydrn\onedrive\문서\visual studio 2015\projects\labprojects2\labprojects2\labproject07-5\x64\debug\labproject07-5.tlog\labproject07-5.write.1u.tlog
c:\users\dydrn\onedrive\문서\visual studio 2015\projects\labprojects2\labprojects2\labproject07-5\x64\debug\labproject07-5.tlog\link-cvtres.read.1.tlog
c:\users\dydrn\onedrive\문서\visual studio 2015\projects\labprojects2\labprojects2\labproject07-5\x64\debug\labproject07-5.tlog\link-cvtres.write.1.tlog
c:\users\dydrn\onedrive\문서\visual studio 2015\projects\labprojects2\labprojects2\labproject07-5\x64\debug\labproject07-5.tlog\link-rc.read.1.tlog
c:\users\dydrn\onedrive\문서\visual studio 2015\projects\labprojects2\labprojects2\labproject07-5\x64\debug\labproject07-5.tlog\link-rc.write.1.tlog
c:\users\dydrn\onedrive\문서\visual studio 2015\projects\labprojects2\labprojects2\labproject07-5\x64\debug\labproject07-5.tlog\link.command.1.tlog
c:\users\dydrn\onedrive\문서\visual studio 2015\projects\labprojects2\labprojects2\labproject07-5\x64\debug\labproject07-5.tlog\link.read.1.tlog
c:\users\dydrn\onedrive\문서\visual studio 2015\projects\labprojects2\labprojects2\labproject07-5\x64\debug\labproject07-5.tlog\link.write.1.tlog
c:\users\dydrn\onedrive\문서\visual studio 2015\projects\labprojects2\labprojects2\labproject07-5\x64\debug\labproject07-5.tlog\rc.command.1.tlog
c:\users\dydrn\onedrive\문서\visual studio 2015\projects\labprojects2\labprojects2\labproject07-5\x64\debug\labproject07-5.tlog\rc.read.1.tlog
c:\users\dydrn\onedrive\문서\visual studio 2015\projects\labprojects2\labprojects2\labproject07-5\x64\debug\labproject07-5.tlog\rc.write.1.tlog
